Arguments: 
  G:\Progarm\nodejs\node.exe G:\Progarm\nvm\v15.14.0\node_global\node_modules\yarn\bin\yarn.js

PATH: 
  C:\Program Files (x86)\Common Files\Intel\Shared Libraries\redist\intel64_win\compiler;C:\Program Files (x86)\Common Files\Oracle\Java\javapath;C:\Windows\system32;C:\Windows;C:\Windows\System32\Wbem;C:\Windows\System32\WindowsPowerShell\v1.0\;C:\Windows\System32\OpenSSH\;C:\Program Files (x86)\NVIDIA Corporation\PhysX\Common;C:\Program Files\NVIDIA Corporation\NVIDIA NvDLISR;C:\Program Files (x86)\EasyShare\x86\;C:\Program Files (x86)\EasyShare\x64\;G:\MyDevelop\bin;C:\Program Files\Docker\Docker\resources\bin;G:\MyDevelop\apache-maven-3.8.6\bin;C:\Program Files\TortoiseSVN\bin;G:\Git\cmd;C:\Program Files\dotnet\;C:\WINDOWS\system32;C:\WINDOWS;C:\WINDOWS\System32\Wbem;C:\WINDOWS\System32\WindowsPowerShell\v1.0\;C:\WINDOWS\System32\OpenSSH\;G:\software\vivo\pcsuite\;G:\Progarm\nvm;G:\Progarm\nodejs;C:\Users\15500\AppData\Local\Programs\Python\Python310\Scripts\;C:\Users\15500\AppData\Local\Programs\Python\Python310\;C:\Users\15500\AppData\Local\Microsoft\WindowsApps;C:\Program Files\Bandizip\;C:\Users\15500\AppData\Local\Programs\Microsoft VS Code\bin;node_global;D:\phpstudy_pro\Extensions\php\php7.3.4nts;G:\software\Fiddler;G:\MyDevelop\mySQL\bin;C:\Users\15500\AppData\Local\GitHubDesktop\bin;C:\Users\15500\AppData\Local\JetBrains\Toolbox\scripts;G:\software\pycharm\PyCharm 2022.3.1\bin;G:\software\pycharm\PyCharm Community Edition 2022.3.1\bin;C:\Users\15500\AppData\Local\Microsoft\WindowsApps;G:\software\JetBrains Rider 2022.3.2\bin;C:\Users\15500\.dotnet\tools;G:\software\msy32\mingw64\bin;G:\Progarm\nvm\v15.14.0\node_global;G:\Progarm\nvm\v15.14.0\node_global\node_modules

Yarn version: 
  1.22.19

Node version: 
  15.14.0

Platform: 
  win32 x64

Trace: 
  Error: ENOENT: no such file or directory, lstat 'G:\学习\月份\6\electron\test\node_modules\semver'

npm manifest: 
  {
    "name": "test",
    "version": "1.0.0",
    "description": "",
    "main": "main.js",
    "scripts": {
      "test": "echo \"Error: no test specified\" && exit 1",
      "dev": "nodemon --exec electron ."
    },
    "keywords": [],
    "author": "",
    "license": "ISC",
    "dependencies": {
      "iohook": "^0.9.3",
      "node-abi": "^3.45.0",
      "nodemon": "^2.0.22"
    },
    "iohook": {
      "targets": [
        "node-108",
        "electron-108"
      ],
      "platforms": [
        "win32",
        "darwin",
        "linux"
      ],
      "arches": [
        "x64",
        "ia32"
      ]
    }
  }

yarn manifest: 
  No manifest

Lockfile: 
  No lockfile
